<?xml version="1.0" encoding="UTF-8"?>
<testsuite xmlns:xsi="http://www.w3.org/2001/XMLSchema-instance" xsi:noNamespaceSchemaLocation="https://maven.apache.org/surefire/maven-surefire-plugin/xsd/surefire-test-report.xsd" name="com.naksam.walletserver.ApplicationTests" time="8.289" tests="1" errors="0" skipped="0" failures="0">
  <properties>
    <property name="java.specification.version" value="15"/>
    <property name="sun.jnu.encoding" value="UTF-8"/>
    <property name="java.class.path" value="/Users/bbakjoon/IdeaProjects/wallet-server/target/test-classes:/Users/bbakjoon/IdeaProjects/wallet-server/target/classes:/Users/bbakjoon/.m2/repository/org/springframework/boot/spring-boot-starter-data-jpa/2.5.5/spring-boot-starter-data-jpa-2.5.5.jar:/Users/bbakjoon/.m2/repository/org/springframework/boot/spring-boot-starter-aop/2.5.5/spring-boot-starter-aop-2.5.5.jar:/Users/bbakjoon/.m2/repository/org/springframework/spring-aop/5.3.10/spring-aop-5.3.10.jar:/Users/bbakjoon/.m2/repository/org/aspectj/aspectjweaver/1.9.7/aspectjweaver-1.9.7.jar:/Users/bbakjoon/.m2/repository/org/springframework/boot/spring-boot-starter-jdbc/2.5.5/spring-boot-starter-jdbc-2.5.5.jar:/Users/bbakjoon/.m2/repository/com/zaxxer/HikariCP/4.0.3/HikariCP-4.0.3.jar:/Users/bbakjoon/.m2/repository/org/springframework/spring-jdbc/5.3.10/spring-jdbc-5.3.10.jar:/Users/bbakjoon/.m2/repository/jakarta/transaction/jakarta.transaction-api/1.3.3/jakarta.transaction-api-1.3.3.jar:/Users/bbakjoon/.m2/repository/jakarta/persistence/jakarta.persistence-api/2.2.3/jakarta.persistence-api-2.2.3.jar:/Users/bbakjoon/.m2/repository/org/hibernate/hibernate-core/5.4.32.Final/hibernate-core-5.4.32.Final.jar:/Users/bbakjoon/.m2/repository/org/jboss/logging/jboss-logging/3.4.2.Final/jboss-logging-3.4.2.Final.jar:/Users/bbakjoon/.m2/repository/org/javassist/javassist/3.27.0-GA/javassist-3.27.0-GA.jar:/Users/bbakjoon/.m2/repository/net/bytebuddy/byte-buddy/1.10.22/byte-buddy-1.10.22.jar:/Users/bbakjoon/.m2/repository/antlr/antlr/2.7.7/antlr-2.7.7.jar:/Users/bbakjoon/.m2/repository/org/jboss/jandex/2.2.3.Final/jandex-2.2.3.Final.jar:/Users/bbakjoon/.m2/repository/org/dom4j/dom4j/2.1.3/dom4j-2.1.3.jar:/Users/bbakjoon/.m2/repository/org/hibernate/common/hibernate-commons-annotations/5.1.2.Final/hibernate-commons-annotations-5.1.2.Final.jar:/Users/bbakjoon/.m2/repository/org/glassfish/jaxb/jaxb-runtime/2.3.5/jaxb-runtime-2.3.5.jar:/Users/bbakjoon/.m2/repository/org/glassfish/jaxb/txw2/2.3.5/txw2-2.3.5.jar:/Users/bbakjoon/.m2/repository/com/sun/istack/istack-commons-runtime/3.0.12/istack-commons-runtime-3.0.12.jar:/Users/bbakjoon/.m2/repository/com/sun/activation/jakarta.activation/1.2.2/jakarta.activation-1.2.2.jar:/Users/bbakjoon/.m2/repository/org/springframework/data/spring-data-jpa/2.5.5/spring-data-jpa-2.5.5.jar:/Users/bbakjoon/.m2/repository/org/springframework/data/spring-data-commons/2.5.5/spring-data-commons-2.5.5.jar:/Users/bbakjoon/.m2/repository/org/springframework/spring-orm/5.3.10/spring-orm-5.3.10.jar:/Users/bbakjoon/.m2/repository/org/springframework/spring-context/5.3.10/spring-context-5.3.10.jar:/Users/bbakjoon/.m2/repository/org/springframework/spring-tx/5.3.10/spring-tx-5.3.10.jar:/Users/bbakjoon/.m2/repository/org/springframework/spring-beans/5.3.10/spring-beans-5.3.10.jar:/Users/bbakjoon/.m2/repository/org/springframework/spring-aspects/5.3.10/spring-aspects-5.3.10.jar:/Users/bbakjoon/.m2/repository/com/querydsl/querydsl-jpa/5.0.0/querydsl-jpa-5.0.0.jar:/Users/bbakjoon/.m2/repository/com/querydsl/querydsl-apt/5.0.0/querydsl-apt-5.0.0.jar:/Users/bbakjoon/.m2/repository/com/querydsl/querydsl-codegen/5.0.0/querydsl-codegen-5.0.0.jar:/Users/bbakjoon/.m2/repository/com/querydsl/codegen-utils/5.0.0/codegen-utils-5.0.0.jar:/Users/bbakjoon/.m2/repository/org/eclipse/jdt/ecj/3.26.0/ecj-3.26.0.jar:/Users/bbakjoon/.m2/repository/javax/inject/javax.inject/1/javax.inject-1.jar:/Users/bbakjoon/.m2/repository/io/github/classgraph/classgraph/4.8.108/classgraph-4.8.108.jar:/Users/bbakjoon/.m2/repository/com/querydsl/querydsl-core/5.0.0/querydsl-core-5.0.0.jar:/Users/bbakjoon/.m2/repository/com/mysema/commons/mysema-commons-lang/0.2.4/mysema-commons-lang-0.2.4.jar:/Users/bbakjoon/.m2/repository/org/springframework/boot/spring-boot-starter-web/2.5.5/spring-boot-starter-web-2.5.5.jar:/Users/bbakjoon/.m2/repository/org/springframework/boot/spring-boot-starter/2.5.5/spring-boot-starter-2.5.5.jar:/Users/bbakjoon/.m2/repository/org/springframework/boot/spring-boot/2.5.5/spring-boot-2.5.5.jar:/Users/bbakjoon/.m2/repository/org/springframework/boot/spring-boot-autoconfigure/2.5.5/spring-boot-autoconfigure-2.5.5.jar:/Users/bbakjoon/.m2/repository/org/springframework/boot/spring-boot-starter-logging/2.5.5/spring-boot-starter-logging-2.5.5.jar:/Users/bbakjoon/.m2/repository/ch/qos/logback/logback-classic/1.2.6/logback-classic-1.2.6.jar:/Users/bbakjoon/.m2/repository/ch/qos/logback/logback-core/1.2.6/logback-core-1.2.6.jar:/Users/bbakjoon/.m2/repository/org/apache/logging/log4j/log4j-to-slf4j/2.14.1/log4j-to-slf4j-2.14.1.jar:/Users/bbakjoon/.m2/repository/org/apache/logging/log4j/log4j-api/2.14.1/log4j-api-2.14.1.jar:/Users/bbakjoon/.m2/repository/org/slf4j/jul-to-slf4j/1.7.32/jul-to-slf4j-1.7.32.jar:/Users/bbakjoon/.m2/repository/jakarta/annotation/jakarta.annotation-api/1.3.5/jakarta.annotation-api-1.3.5.jar:/Users/bbakjoon/.m2/repository/org/yaml/snakeyaml/1.28/snakeyaml-1.28.jar:/Users/bbakjoon/.m2/repository/org/springframework/boot/spring-boot-starter-json/2.5.5/spring-boot-starter-json-2.5.5.jar:/Users/bbakjoon/.m2/repository/com/fasterxml/jackson/core/jackson-databind/2.12.5/jackson-databind-2.12.5.jar:/Users/bbakjoon/.m2/repository/com/fasterxml/jackson/core/jackson-annotations/2.12.5/jackson-annotations-2.12.5.jar:/Users/bbakjoon/.m2/repository/com/fasterxml/jackson/core/jackson-core/2.12.5/jackson-core-2.12.5.jar:/Users/bbakjoon/.m2/repository/com/fasterxml/jackson/datatype/jackson-datatype-jdk8/2.12.5/jackson-datatype-jdk8-2.12.5.jar:/Users/bbakjoon/.m2/repository/com/fasterxml/jackson/datatype/jackson-datatype-jsr310/2.12.5/jackson-datatype-jsr310-2.12.5.jar:/Users/bbakjoon/.m2/repository/com/fasterxml/jackson/module/jackson-module-parameter-names/2.12.5/jackson-module-parameter-names-2.12.5.jar:/Users/bbakjoon/.m2/repository/org/springframework/boot/spring-boot-starter-tomcat/2.5.5/spring-boot-starter-tomcat-2.5.5.jar:/Users/bbakjoon/.m2/repository/org/apache/tomcat/embed/tomcat-embed-core/9.0.53/tomcat-embed-core-9.0.53.jar:/Users/bbakjoon/.m2/repository/org/apache/tomcat/embed/tomcat-embed-el/9.0.53/tomcat-embed-el-9.0.53.jar:/Users/bbakjoon/.m2/repository/org/apache/tomcat/embed/tomcat-embed-websocket/9.0.53/tomcat-embed-websocket-9.0.53.jar:/Users/bbakjoon/.m2/repository/org/springframework/spring-web/5.3.10/spring-web-5.3.10.jar:/Users/bbakjoon/.m2/repository/org/springframework/spring-webmvc/5.3.10/spring-webmvc-5.3.10.jar:/Users/bbakjoon/.m2/repository/org/springframework/spring-expression/5.3.10/spring-expression-5.3.10.jar:/Users/bbakjoon/.m2/repository/mysql/mysql-connector-java/8.0.26/mysql-connector-java-8.0.26.jar:/Users/bbakjoon/.m2/repository/org/projectlombok/lombok/1.18.20/lombok-1.18.20.jar:/Users/bbakjoon/.m2/repository/org/springframework/boot/spring-boot-starter-test/2.5.5/spring-boot-starter-test-2.5.5.jar:/Users/bbakjoon/.m2/repository/org/springframework/boot/spring-boot-test/2.5.5/spring-boot-test-2.5.5.jar:/Users/bbakjoon/.m2/repository/org/springframework/boot/spring-boot-test-autoconfigure/2.5.5/spring-boot-test-autoconfigure-2.5.5.jar:/Users/bbakjoon/.m2/repository/com/jayway/jsonpath/json-path/2.5.0/json-path-2.5.0.jar:/Users/bbakjoon/.m2/repository/net/minidev/json-smart/2.4.7/json-smart-2.4.7.jar:/Users/bbakjoon/.m2/repository/net/minidev/accessors-smart/2.4.7/accessors-smart-2.4.7.jar:/Users/bbakjoon/.m2/repository/org/ow2/asm/asm/9.1/asm-9.1.jar:/Users/bbakjoon/.m2/repository/jakarta/xml/bind/jakarta.xml.bind-api/2.3.3/jakarta.xml.bind-api-2.3.3.jar:/Users/bbakjoon/.m2/repository/jakarta/activation/jakarta.activation-api/1.2.2/jakarta.activation-api-1.2.2.jar:/Users/bbakjoon/.m2/repository/org/assertj/assertj-core/3.19.0/assertj-core-3.19.0.jar:/Users/bbakjoon/.m2/repository/org/hamcrest/hamcrest/2.2/hamcrest-2.2.jar:/Users/bbakjoon/.m2/repository/org/junit/jupiter/junit-jupiter/5.7.2/junit-jupiter-5.7.2.jar:/Users/bbakjoon/.m2/repository/org/junit/jupiter/junit-jupiter-api/5.7.2/junit-jupiter-api-5.7.2.jar:/Users/bbakjoon/.m2/repository/org/apiguardian/apiguardian-api/1.1.0/apiguardian-api-1.1.0.jar:/Users/bbakjoon/.m2/repository/org/opentest4j/opentest4j/1.2.0/opentest4j-1.2.0.jar:/Users/bbakjoon/.m2/repository/org/junit/platform/junit-platform-commons/1.7.2/junit-platform-commons-1.7.2.jar:/Users/bbakjoon/.m2/repository/org/junit/jupiter/junit-jupiter-params/5.7.2/junit-jupiter-params-5.7.2.jar:/Users/bbakjoon/.m2/repository/org/junit/jupiter/junit-jupiter-engine/5.7.2/junit-jupiter-engine-5.7.2.jar:/Users/bbakjoon/.m2/repository/org/junit/platform/junit-platform-engine/1.7.2/junit-platform-engine-1.7.2.jar:/Users/bbakjoon/.m2/repository/org/mockito/mockito-core/3.9.0/mockito-core-3.9.0.jar:/Users/bbakjoon/.m2/repository/net/bytebuddy/byte-buddy-agent/1.10.22/byte-buddy-agent-1.10.22.jar:/Users/bbakjoon/.m2/repository/org/objenesis/objenesis/3.2/objenesis-3.2.jar:/Users/bbakjoon/.m2/repository/org/mockito/mockito-junit-jupiter/3.9.0/mockito-junit-jupiter-3.9.0.jar:/Users/bbakjoon/.m2/repository/org/skyscreamer/jsonassert/1.5.0/jsonassert-1.5.0.jar:/Users/bbakjoon/.m2/repository/com/vaadin/external/google/android-json/0.0.20131108.vaadin1/android-json-0.0.20131108.vaadin1.jar:/Users/bbakjoon/.m2/repository/org/springframework/spring-core/5.3.10/spring-core-5.3.10.jar:/Users/bbakjoon/.m2/repository/org/springframework/spring-jcl/5.3.10/spring-jcl-5.3.10.jar:/Users/bbakjoon/.m2/repository/org/springframework/spring-test/5.3.10/spring-test-5.3.10.jar:/Users/bbakjoon/.m2/repository/org/xmlunit/xmlunit-core/2.8.2/xmlunit-core-2.8.2.jar:/Users/bbakjoon/.m2/repository/io/springfox/springfox-boot-starter/3.0.0/springfox-boot-starter-3.0.0.jar:/Users/bbakjoon/.m2/repository/io/springfox/springfox-oas/3.0.0/springfox-oas-3.0.0.jar:/Users/bbakjoon/.m2/repository/io/swagger/core/v3/swagger-annotations/2.1.2/swagger-annotations-2.1.2.jar:/Users/bbakjoon/.m2/repository/io/swagger/core/v3/swagger-models/2.1.2/swagger-models-2.1.2.jar:/Users/bbakjoon/.m2/repository/io/springfox/springfox-spi/3.0.0/springfox-spi-3.0.0.jar:/Users/bbakjoon/.m2/repository/io/springfox/springfox-schema/3.0.0/springfox-schema-3.0.0.jar:/Users/bbakjoon/.m2/repository/io/springfox/springfox-core/3.0.0/springfox-core-3.0.0.jar:/Users/bbakjoon/.m2/repository/io/springfox/springfox-spring-web/3.0.0/springfox-spring-web-3.0.0.jar:/Users/bbakjoon/.m2/repository/io/springfox/springfox-spring-webmvc/3.0.0/springfox-spring-webmvc-3.0.0.jar:/Users/bbakjoon/.m2/repository/io/springfox/springfox-spring-webflux/3.0.0/springfox-spring-webflux-3.0.0.jar:/Users/bbakjoon/.m2/repository/io/springfox/springfox-swagger-common/3.0.0/springfox-swagger-common-3.0.0.jar:/Users/bbakjoon/.m2/repository/org/mapstruct/mapstruct/1.3.1.Final/mapstruct-1.3.1.Final.jar:/Users/bbakjoon/.m2/repository/io/springfox/springfox-data-rest/3.0.0/springfox-data-rest-3.0.0.jar:/Users/bbakjoon/.m2/repository/io/springfox/springfox-bean-validators/3.0.0/springfox-bean-validators-3.0.0.jar:/Users/bbakjoon/.m2/repository/io/springfox/springfox-swagger2/3.0.0/springfox-swagger2-3.0.0.jar:/Users/bbakjoon/.m2/repository/io/swagger/swagger-annotations/1.5.20/swagger-annotations-1.5.20.jar:/Users/bbakjoon/.m2/repository/io/swagger/swagger-models/1.5.20/swagger-models-1.5.20.jar:/Users/bbakjoon/.m2/repository/io/springfox/springfox-swagger-ui/3.0.0/springfox-swagger-ui-3.0.0.jar:/Users/bbakjoon/.m2/repository/com/fasterxml/classmate/1.5.1/classmate-1.5.1.jar:/Users/bbakjoon/.m2/repository/org/slf4j/slf4j-api/1.7.32/slf4j-api-1.7.32.jar:/Users/bbakjoon/.m2/repository/org/springframework/plugin/spring-plugin-core/2.0.0.RELEASE/spring-plugin-core-2.0.0.RELEASE.jar:/Users/bbakjoon/.m2/repository/org/springframework/plugin/spring-plugin-metadata/2.0.0.RELEASE/spring-plugin-metadata-2.0.0.RELEASE.jar:/Users/bbakjoon/.m2/repository/org/springframework/cloud/spring-cloud-starter-openfeign/3.0.4/spring-cloud-starter-openfeign-3.0.4.jar:/Users/bbakjoon/.m2/repository/org/springframework/cloud/spring-cloud-starter/3.0.4/spring-cloud-starter-3.0.4.jar:/Users/bbakjoon/.m2/repository/org/springframework/cloud/spring-cloud-context/3.0.4/spring-cloud-context-3.0.4.jar:/Users/bbakjoon/.m2/repository/org/springframework/security/spring-security-rsa/1.0.10.RELEASE/spring-security-rsa-1.0.10.RELEASE.jar:/Users/bbakjoon/.m2/repository/org/bouncycastle/bcpkix-jdk15on/1.68/bcpkix-jdk15on-1.68.jar:/Users/bbakjoon/.m2/repository/org/bouncycastle/bcprov-jdk15on/1.68/bcprov-jdk15on-1.68.jar:/Users/bbakjoon/.m2/repository/org/springframework/cloud/spring-cloud-openfeign-core/3.0.4/spring-cloud-openfeign-core-3.0.4.jar:/Users/bbakjoon/.m2/repository/io/github/openfeign/form/feign-form-spring/3.8.0/feign-form-spring-3.8.0.jar:/Users/bbakjoon/.m2/repository/io/github/openfeign/form/feign-form/3.8.0/feign-form-3.8.0.jar:/Users/bbakjoon/.m2/repository/commons-fileupload/commons-fileupload/1.4/commons-fileupload-1.4.jar:/Users/bbakjoon/.m2/repository/commons-io/commons-io/2.2/commons-io-2.2.jar:/Users/bbakjoon/.m2/repository/org/springframework/cloud/spring-cloud-commons/3.0.4/spring-cloud-commons-3.0.4.jar:/Users/bbakjoon/.m2/repository/org/springframework/security/spring-security-crypto/5.5.2/spring-security-crypto-5.5.2.jar:/Users/bbakjoon/.m2/repository/io/github/openfeign/feign-core/10.12/feign-core-10.12.jar:/Users/bbakjoon/.m2/repository/io/github/openfeign/feign-slf4j/10.12/feign-slf4j-10.12.jar:/Users/bbakjoon/.m2/repository/org/springframework/cloud/spring-cloud-starter-kubernetes-config/1.1.10.RELEASE/spring-cloud-starter-kubernetes-config-1.1.10.RELEASE.jar:/Users/bbakjoon/.m2/repository/org/springframework/cloud/spring-cloud-kubernetes-core/1.1.10.RELEASE/spring-cloud-kubernetes-core-1.1.10.RELEASE.jar:/Users/bbakjoon/.m2/repository/io/fabric8/kubernetes-client/4.13.2/kubernetes-client-4.13.2.jar:/Users/bbakjoon/.m2/repository/io/fabric8/kubernetes-model-core/4.13.2/kubernetes-model-core-4.13.2.jar:/Users/bbakjoon/.m2/repository/io/fabric8/kubernetes-model-common/4.13.2/kubernetes-model-common-4.13.2.jar:/Users/bbakjoon/.m2/repository/com/fasterxml/jackson/module/jackson-module-jaxb-annotations/2.12.5/jackson-module-jaxb-annotations-2.12.5.jar:/Users/bbakjoon/.m2/repository/javax/annotation/javax.annotation-api/1.3.2/javax.annotation-api-1.3.2.jar:/Users/bbakjoon/.m2/repository/javax/xml/bind/jaxb-api/2.3.1/jaxb-api-2.3.1.jar:/Users/bbakjoon/.m2/repository/javax/activation/javax.activation-api/1.2.0/javax.activation-api-1.2.0.jar:/Users/bbakjoon/.m2/repository/io/fabric8/kubernetes-model-rbac/4.13.2/kubernetes-model-rbac-4.13.2.jar:/Users/bbakjoon/.m2/repository/io/fabric8/kubernetes-model-admissionregistration/4.13.2/kubernetes-model-admissionregistration-4.13.2.jar:/Users/bbakjoon/.m2/repository/io/fabric8/kubernetes-model-apps/4.13.2/kubernetes-model-apps-4.13.2.jar:/Users/bbakjoon/.m2/repository/io/fabric8/kubernetes-model-autoscaling/4.13.2/kubernetes-model-autoscaling-4.13.2.jar:/Users/bbakjoon/.m2/repository/io/fabric8/kubernetes-model-apiextensions/4.13.2/kubernetes-model-apiextensions-4.13.2.jar:/Users/bbakjoon/.m2/repository/io/fabric8/kubernetes-model-batch/4.13.2/kubernetes-model-batch-4.13.2.jar:/Users/bbakjoon/.m2/repository/io/fabric8/kubernetes-model-certificates/4.13.2/kubernetes-model-certificates-4.13.2.jar:/Users/bbakjoon/.m2/repository/io/fabric8/kubernetes-model-coordination/4.13.2/kubernetes-model-coordination-4.13.2.jar:/Users/bbakjoon/.m2/repository/io/fabric8/kubernetes-model-discovery/4.13.2/kubernetes-model-discovery-4.13.2.jar:/Users/bbakjoon/.m2/repository/io/fabric8/kubernetes-model-events/4.13.2/kubernetes-model-events-4.13.2.jar:/Users/bbakjoon/.m2/repository/io/fabric8/kubernetes-model-extensions/4.13.2/kubernetes-model-extensions-4.13.2.jar:/Users/bbakjoon/.m2/repository/io/fabric8/kubernetes-model-networking/4.13.2/kubernetes-model-networking-4.13.2.jar:/Users/bbakjoon/.m2/repository/io/fabric8/kubernetes-model-metrics/4.13.2/kubernetes-model-metrics-4.13.2.jar:/Users/bbakjoon/.m2/repository/io/fabric8/kubernetes-model-policy/4.13.2/kubernetes-model-policy-4.13.2.jar:/Users/bbakjoon/.m2/repository/io/fabric8/kubernetes-model-scheduling/4.13.2/kubernetes-model-scheduling-4.13.2.jar:/Users/bbakjoon/.m2/repository/io/fabric8/kubernetes-model-settings/4.13.2/kubernetes-model-settings-4.13.2.jar:/Users/bbakjoon/.m2/repository/io/fabric8/kubernetes-model-storageclass/4.13.2/kubernetes-model-storageclass-4.13.2.jar:/Users/bbakjoon/.m2/repository/io/fabric8/kubernetes-model-node/4.13.2/kubernetes-model-node-4.13.2.jar:/Users/bbakjoon/.m2/repository/com/squareup/okhttp3/okhttp/3.14.9/okhttp-3.14.9.jar:/Users/bbakjoon/.m2/repository/com/squareup/okio/okio/1.17.2/okio-1.17.2.jar:/Users/bbakjoon/.m2/repository/com/squareup/okhttp3/logging-interceptor/3.14.9/logging-interceptor-3.14.9.jar:/Users/bbakjoon/.m2/repository/com/fasterxml/jackson/dataformat/jackson-dataformat-yaml/2.12.5/jackson-dataformat-yaml-2.12.5.jar:/Users/bbakjoon/.m2/repository/io/fabric8/zjsonpatch/0.3.0/zjsonpatch-0.3.0.jar:/Users/bbakjoon/.m2/repository/com/github/mifmif/generex/1.0.2/generex-1.0.2.jar:/Users/bbakjoon/.m2/repository/dk/brics/automaton/automaton/1.11-8/automaton-1.11-8.jar:/Users/bbakjoon/.m2/repository/org/springframework/cloud/spring-cloud-kubernetes-config/1.1.10.RELEASE/spring-cloud-kubernetes-config-1.1.10.RELEASE.jar:"/>
    <property name="java.vm.vendor" value="Oracle Corporation"/>
    <property name="sun.arch.data.model" value="64"/>
    <property name="java.vendor.url" value="https://java.oracle.com/"/>
    <property name="os.name" value="Mac OS X"/>
    <property name="java.vm.specification.version" value="15"/>
    <property name="sun.java.launcher" value="SUN_STANDARD"/>
    <property name="user.country" value="KR"/>
    <property name="sun.boot.library.path" value="/Users/bbakjoon/Library/Java/JavaVirtualMachines/openjdk-15.0.1/Contents/Home/lib"/>
    <property name="sun.java.command" value="/Users/bbakjoon/IdeaProjects/wallet-server/target/surefire/surefirebooter13172771281394470495.jar /Users/bbakjoon/IdeaProjects/wallet-server/target/surefire 2021-10-21T10-51-41_490-jvmRun1 surefire8294893503092920134tmp surefire_0281758092996382887tmp"/>
    <property name="http.nonProxyHosts" value="local|*.local|169.254/16|*.169.254/16"/>
    <property name="jdk.debug" value="release"/>
    <property name="surefire.test.class.path" value="/Users/bbakjoon/IdeaProjects/wallet-server/target/test-classes:/Users/bbakjoon/IdeaProjects/wallet-server/target/classes:/Users/bbakjoon/.m2/repository/org/springframework/boot/spring-boot-starter-data-jpa/2.5.5/spring-boot-starter-data-jpa-2.5.5.jar:/Users/bbakjoon/.m2/repository/org/springframework/boot/spring-boot-starter-aop/2.5.5/spring-boot-starter-aop-2.5.5.jar:/Users/bbakjoon/.m2/repository/org/springframework/spring-aop/5.3.10/spring-aop-5.3.10.jar:/Users/bbakjoon/.m2/repository/org/aspectj/aspectjweaver/1.9.7/aspectjweaver-1.9.7.jar:/Users/bbakjoon/.m2/repository/org/springframework/boot/spring-boot-starter-jdbc/2.5.5/spring-boot-starter-jdbc-2.5.5.jar:/Users/bbakjoon/.m2/repository/com/zaxxer/HikariCP/4.0.3/HikariCP-4.0.3.jar:/Users/bbakjoon/.m2/repository/org/springframework/spring-jdbc/5.3.10/spring-jdbc-5.3.10.jar:/Users/bbakjoon/.m2/repository/jakarta/transaction/jakarta.transaction-api/1.3.3/jakarta.transaction-api-1.3.3.jar:/Users/bbakjoon/.m2/repository/jakarta/persistence/jakarta.persistence-api/2.2.3/jakarta.persistence-api-2.2.3.jar:/Users/bbakjoon/.m2/repository/org/hibernate/hibernate-core/5.4.32.Final/hibernate-core-5.4.32.Final.jar:/Users/bbakjoon/.m2/repository/org/jboss/logging/jboss-logging/3.4.2.Final/jboss-logging-3.4.2.Final.jar:/Users/bbakjoon/.m2/repository/org/javassist/javassist/3.27.0-GA/javassist-3.27.0-GA.jar:/Users/bbakjoon/.m2/repository/net/bytebuddy/byte-buddy/1.10.22/byte-buddy-1.10.22.jar:/Users/bbakjoon/.m2/repository/antlr/antlr/2.7.7/antlr-2.7.7.jar:/Users/bbakjoon/.m2/repository/org/jboss/jandex/2.2.3.Final/jandex-2.2.3.Final.jar:/Users/bbakjoon/.m2/repository/org/dom4j/dom4j/2.1.3/dom4j-2.1.3.jar:/Users/bbakjoon/.m2/repository/org/hibernate/common/hibernate-commons-annotations/5.1.2.Final/hibernate-commons-annotations-5.1.2.Final.jar:/Users/bbakjoon/.m2/repository/org/glassfish/jaxb/jaxb-runtime/2.3.5/jaxb-runtime-2.3.5.jar:/Users/bbakjoon/.m2/repository/org/glassfish/jaxb/txw2/2.3.5/txw2-2.3.5.jar:/Users/bbakjoon/.m2/repository/com/sun/istack/istack-commons-runtime/3.0.12/istack-commons-runtime-3.0.12.jar:/Users/bbakjoon/.m2/repository/com/sun/activation/jakarta.activation/1.2.2/jakarta.activation-1.2.2.jar:/Users/bbakjoon/.m2/repository/org/springframework/data/spring-data-jpa/2.5.5/spring-data-jpa-2.5.5.jar:/Users/bbakjoon/.m2/repository/org/springframework/data/spring-data-commons/2.5.5/spring-data-commons-2.5.5.jar:/Users/bbakjoon/.m2/repository/org/springframework/spring-orm/5.3.10/spring-orm-5.3.10.jar:/Users/bbakjoon/.m2/repository/org/springframework/spring-context/5.3.10/spring-context-5.3.10.jar:/Users/bbakjoon/.m2/repository/org/springframework/spring-tx/5.3.10/spring-tx-5.3.10.jar:/Users/bbakjoon/.m2/repository/org/springframework/spring-beans/5.3.10/spring-beans-5.3.10.jar:/Users/bbakjoon/.m2/repository/org/springframework/spring-aspects/5.3.10/spring-aspects-5.3.10.jar:/Users/bbakjoon/.m2/repository/com/querydsl/querydsl-jpa/5.0.0/querydsl-jpa-5.0.0.jar:/Users/bbakjoon/.m2/repository/com/querydsl/querydsl-apt/5.0.0/querydsl-apt-5.0.0.jar:/Users/bbakjoon/.m2/repository/com/querydsl/querydsl-codegen/5.0.0/querydsl-codegen-5.0.0.jar:/Users/bbakjoon/.m2/repository/com/querydsl/codegen-utils/5.0.0/codegen-utils-5.0.0.jar:/Users/bbakjoon/.m2/repository/org/eclipse/jdt/ecj/3.26.0/ecj-3.26.0.jar:/Users/bbakjoon/.m2/repository/javax/inject/javax.inject/1/javax.inject-1.jar:/Users/bbakjoon/.m2/repository/io/github/classgraph/classgraph/4.8.108/classgraph-4.8.108.jar:/Users/bbakjoon/.m2/repository/com/querydsl/querydsl-core/5.0.0/querydsl-core-5.0.0.jar:/Users/bbakjoon/.m2/repository/com/mysema/commons/mysema-commons-lang/0.2.4/mysema-commons-lang-0.2.4.jar:/Users/bbakjoon/.m2/repository/org/springframework/boot/spring-boot-starter-web/2.5.5/spring-boot-starter-web-2.5.5.jar:/Users/bbakjoon/.m2/repository/org/springframework/boot/spring-boot-starter/2.5.5/spring-boot-starter-2.5.5.jar:/Users/bbakjoon/.m2/repository/org/springframework/boot/spring-boot/2.5.5/spring-boot-2.5.5.jar:/Users/bbakjoon/.m2/repository/org/springframework/boot/spring-boot-autoconfigure/2.5.5/spring-boot-autoconfigure-2.5.5.jar:/Users/bbakjoon/.m2/repository/org/springframework/boot/spring-boot-starter-logging/2.5.5/spring-boot-starter-logging-2.5.5.jar:/Users/bbakjoon/.m2/repository/ch/qos/logback/logback-classic/1.2.6/logback-classic-1.2.6.jar:/Users/bbakjoon/.m2/repository/ch/qos/logback/logback-core/1.2.6/logback-core-1.2.6.jar:/Users/bbakjoon/.m2/repository/org/apache/logging/log4j/log4j-to-slf4j/2.14.1/log4j-to-slf4j-2.14.1.jar:/Users/bbakjoon/.m2/repository/org/apache/logging/log4j/log4j-api/2.14.1/log4j-api-2.14.1.jar:/Users/bbakjoon/.m2/repository/org/slf4j/jul-to-slf4j/1.7.32/jul-to-slf4j-1.7.32.jar:/Users/bbakjoon/.m2/repository/jakarta/annotation/jakarta.annotation-api/1.3.5/jakarta.annotation-api-1.3.5.jar:/Users/bbakjoon/.m2/repository/org/yaml/snakeyaml/1.28/snakeyaml-1.28.jar:/Users/bbakjoon/.m2/repository/org/springframework/boot/spring-boot-starter-json/2.5.5/spring-boot-starter-json-2.5.5.jar:/Users/bbakjoon/.m2/repository/com/fasterxml/jackson/core/jackson-databind/2.12.5/jackson-databind-2.12.5.jar:/Users/bbakjoon/.m2/repository/com/fasterxml/jackson/core/jackson-annotations/2.12.5/jackson-annotations-2.12.5.jar:/Users/bbakjoon/.m2/repository/com/fasterxml/jackson/core/jackson-core/2.12.5/jackson-core-2.12.5.jar:/Users/bbakjoon/.m2/repository/com/fasterxml/jackson/datatype/jackson-datatype-jdk8/2.12.5/jackson-datatype-jdk8-2.12.5.jar:/Users/bbakjoon/.m2/repository/com/fasterxml/jackson/datatype/jackson-datatype-jsr310/2.12.5/jackson-datatype-jsr310-2.12.5.jar:/Users/bbakjoon/.m2/repository/com/fasterxml/jackson/module/jackson-module-parameter-names/2.12.5/jackson-module-parameter-names-2.12.5.jar:/Users/bbakjoon/.m2/repository/org/springframework/boot/spring-boot-starter-tomcat/2.5.5/spring-boot-starter-tomcat-2.5.5.jar:/Users/bbakjoon/.m2/repository/org/apache/tomcat/embed/tomcat-embed-core/9.0.53/tomcat-embed-core-9.0.53.jar:/Users/bbakjoon/.m2/repository/org/apache/tomcat/embed/tomcat-embed-el/9.0.53/tomcat-embed-el-9.0.53.jar:/Users/bbakjoon/.m2/repository/org/apache/tomcat/embed/tomcat-embed-websocket/9.0.53/tomcat-embed-websocket-9.0.53.jar:/Users/bbakjoon/.m2/repository/org/springframework/spring-web/5.3.10/spring-web-5.3.10.jar:/Users/bbakjoon/.m2/repository/org/springframework/spring-webmvc/5.3.10/spring-webmvc-5.3.10.jar:/Users/bbakjoon/.m2/repository/org/springframework/spring-expression/5.3.10/spring-expression-5.3.10.jar:/Users/bbakjoon/.m2/repository/mysql/mysql-connector-java/8.0.26/mysql-connector-java-8.0.26.jar:/Users/bbakjoon/.m2/repository/org/projectlombok/lombok/1.18.20/lombok-1.18.20.jar:/Users/bbakjoon/.m2/repository/org/springframework/boot/spring-boot-starter-test/2.5.5/spring-boot-starter-test-2.5.5.jar:/Users/bbakjoon/.m2/repository/org/springframework/boot/spring-boot-test/2.5.5/spring-boot-test-2.5.5.jar:/Users/bbakjoon/.m2/repository/org/springframework/boot/spring-boot-test-autoconfigure/2.5.5/spring-boot-test-autoconfigure-2.5.5.jar:/Users/bbakjoon/.m2/repository/com/jayway/jsonpath/json-path/2.5.0/json-path-2.5.0.jar:/Users/bbakjoon/.m2/repository/net/minidev/json-smart/2.4.7/json-smart-2.4.7.jar:/Users/bbakjoon/.m2/repository/net/minidev/accessors-smart/2.4.7/accessors-smart-2.4.7.jar:/Users/bbakjoon/.m2/repository/org/ow2/asm/asm/9.1/asm-9.1.jar:/Users/bbakjoon/.m2/repository/jakarta/xml/bind/jakarta.xml.bind-api/2.3.3/jakarta.xml.bind-api-2.3.3.jar:/Users/bbakjoon/.m2/repository/jakarta/activation/jakarta.activation-api/1.2.2/jakarta.activation-api-1.2.2.jar:/Users/bbakjoon/.m2/repository/org/assertj/assertj-core/3.19.0/assertj-core-3.19.0.jar:/Users/bbakjoon/.m2/repository/org/hamcrest/hamcrest/2.2/hamcrest-2.2.jar:/Users/bbakjoon/.m2/repository/org/junit/jupiter/junit-jupiter/5.7.2/junit-jupiter-5.7.2.jar:/Users/bbakjoon/.m2/repository/org/junit/jupiter/junit-jupiter-api/5.7.2/junit-jupiter-api-5.7.2.jar:/Users/bbakjoon/.m2/repository/org/apiguardian/apiguardian-api/1.1.0/apiguardian-api-1.1.0.jar:/Users/bbakjoon/.m2/repository/org/opentest4j/opentest4j/1.2.0/opentest4j-1.2.0.jar:/Users/bbakjoon/.m2/repository/org/junit/platform/junit-platform-commons/1.7.2/junit-platform-commons-1.7.2.jar:/Users/bbakjoon/.m2/repository/org/junit/jupiter/junit-jupiter-params/5.7.2/junit-jupiter-params-5.7.2.jar:/Users/bbakjoon/.m2/repository/org/junit/jupiter/junit-jupiter-engine/5.7.2/junit-jupiter-engine-5.7.2.jar:/Users/bbakjoon/.m2/repository/org/junit/platform/junit-platform-engine/1.7.2/junit-platform-engine-1.7.2.jar:/Users/bbakjoon/.m2/repository/org/mockito/mockito-core/3.9.0/mockito-core-3.9.0.jar:/Users/bbakjoon/.m2/repository/net/bytebuddy/byte-buddy-agent/1.10.22/byte-buddy-agent-1.10.22.jar:/Users/bbakjoon/.m2/repository/org/objenesis/objenesis/3.2/objenesis-3.2.jar:/Users/bbakjoon/.m2/repository/org/mockito/mockito-junit-jupiter/3.9.0/mockito-junit-jupiter-3.9.0.jar:/Users/bbakjoon/.m2/repository/org/skyscreamer/jsonassert/1.5.0/jsonassert-1.5.0.jar:/Users/bbakjoon/.m2/repository/com/vaadin/external/google/android-json/0.0.20131108.vaadin1/android-json-0.0.20131108.vaadin1.jar:/Users/bbakjoon/.m2/repository/org/springframework/spring-core/5.3.10/spring-core-5.3.10.jar:/Users/bbakjoon/.m2/repository/org/springframework/spring-jcl/5.3.10/spring-jcl-5.3.10.jar:/Users/bbakjoon/.m2/repository/org/springframework/spring-test/5.3.10/spring-test-5.3.10.jar:/Users/bbakjoon/.m2/repository/org/xmlunit/xmlunit-core/2.8.2/xmlunit-core-2.8.2.jar:/Users/bbakjoon/.m2/repository/io/springfox/springfox-boot-starter/3.0.0/springfox-boot-starter-3.0.0.jar:/Users/bbakjoon/.m2/repository/io/springfox/springfox-oas/3.0.0/springfox-oas-3.0.0.jar:/Users/bbakjoon/.m2/repository/io/swagger/core/v3/swagger-annotations/2.1.2/swagger-annotations-2.1.2.jar:/Users/bbakjoon/.m2/repository/io/swagger/core/v3/swagger-models/2.1.2/swagger-models-2.1.2.jar:/Users/bbakjoon/.m2/repository/io/springfox/springfox-spi/3.0.0/springfox-spi-3.0.0.jar:/Users/bbakjoon/.m2/repository/io/springfox/springfox-schema/3.0.0/springfox-schema-3.0.0.jar:/Users/bbakjoon/.m2/repository/io/springfox/springfox-core/3.0.0/springfox-core-3.0.0.jar:/Users/bbakjoon/.m2/repository/io/springfox/springfox-spring-web/3.0.0/springfox-spring-web-3.0.0.jar:/Users/bbakjoon/.m2/repository/io/springfox/springfox-spring-webmvc/3.0.0/springfox-spring-webmvc-3.0.0.jar:/Users/bbakjoon/.m2/repository/io/springfox/springfox-spring-webflux/3.0.0/springfox-spring-webflux-3.0.0.jar:/Users/bbakjoon/.m2/repository/io/springfox/springfox-swagger-common/3.0.0/springfox-swagger-common-3.0.0.jar:/Users/bbakjoon/.m2/repository/org/mapstruct/mapstruct/1.3.1.Final/mapstruct-1.3.1.Final.jar:/Users/bbakjoon/.m2/repository/io/springfox/springfox-data-rest/3.0.0/springfox-data-rest-3.0.0.jar:/Users/bbakjoon/.m2/repository/io/springfox/springfox-bean-validators/3.0.0/springfox-bean-validators-3.0.0.jar:/Users/bbakjoon/.m2/repository/io/springfox/springfox-swagger2/3.0.0/springfox-swagger2-3.0.0.jar:/Users/bbakjoon/.m2/repository/io/swagger/swagger-annotations/1.5.20/swagger-annotations-1.5.20.jar:/Users/bbakjoon/.m2/repository/io/swagger/swagger-models/1.5.20/swagger-models-1.5.20.jar:/Users/bbakjoon/.m2/repository/io/springfox/springfox-swagger-ui/3.0.0/springfox-swagger-ui-3.0.0.jar:/Users/bbakjoon/.m2/repository/com/fasterxml/classmate/1.5.1/classmate-1.5.1.jar:/Users/bbakjoon/.m2/repository/org/slf4j/slf4j-api/1.7.32/slf4j-api-1.7.32.jar:/Users/bbakjoon/.m2/repository/org/springframework/plugin/spring-plugin-core/2.0.0.RELEASE/spring-plugin-core-2.0.0.RELEASE.jar:/Users/bbakjoon/.m2/repository/org/springframework/plugin/spring-plugin-metadata/2.0.0.RELEASE/spring-plugin-metadata-2.0.0.RELEASE.jar:/Users/bbakjoon/.m2/repository/org/springframework/cloud/spring-cloud-starter-openfeign/3.0.4/spring-cloud-starter-openfeign-3.0.4.jar:/Users/bbakjoon/.m2/repository/org/springframework/cloud/spring-cloud-starter/3.0.4/spring-cloud-starter-3.0.4.jar:/Users/bbakjoon/.m2/repository/org/springframework/cloud/spring-cloud-context/3.0.4/spring-cloud-context-3.0.4.jar:/Users/bbakjoon/.m2/repository/org/springframework/security/spring-security-rsa/1.0.10.RELEASE/spring-security-rsa-1.0.10.RELEASE.jar:/Users/bbakjoon/.m2/repository/org/bouncycastle/bcpkix-jdk15on/1.68/bcpkix-jdk15on-1.68.jar:/Users/bbakjoon/.m2/repository/org/bouncycastle/bcprov-jdk15on/1.68/bcprov-jdk15on-1.68.jar:/Users/bbakjoon/.m2/repository/org/springframework/cloud/spring-cloud-openfeign-core/3.0.4/spring-cloud-openfeign-core-3.0.4.jar:/Users/bbakjoon/.m2/repository/io/github/openfeign/form/feign-form-spring/3.8.0/feign-form-spring-3.8.0.jar:/Users/bbakjoon/.m2/repository/io/github/openfeign/form/feign-form/3.8.0/feign-form-3.8.0.jar:/Users/bbakjoon/.m2/repository/commons-fileupload/commons-fileupload/1.4/commons-fileupload-1.4.jar:/Users/bbakjoon/.m2/repository/commons-io/commons-io/2.2/commons-io-2.2.jar:/Users/bbakjoon/.m2/repository/org/springframework/cloud/spring-cloud-commons/3.0.4/spring-cloud-commons-3.0.4.jar:/Users/bbakjoon/.m2/repository/org/springframework/security/spring-security-crypto/5.5.2/spring-security-crypto-5.5.2.jar:/Users/bbakjoon/.m2/repository/io/github/openfeign/feign-core/10.12/feign-core-10.12.jar:/Users/bbakjoon/.m2/repository/io/github/openfeign/feign-slf4j/10.12/feign-slf4j-10.12.jar:/Users/bbakjoon/.m2/repository/org/springframework/cloud/spring-cloud-starter-kubernetes-config/1.1.10.RELEASE/spring-cloud-starter-kubernetes-config-1.1.10.RELEASE.jar:/Users/bbakjoon/.m2/repository/org/springframework/cloud/spring-cloud-kubernetes-core/1.1.10.RELEASE/spring-cloud-kubernetes-core-1.1.10.RELEASE.jar:/Users/bbakjoon/.m2/repository/io/fabric8/kubernetes-client/4.13.2/kubernetes-client-4.13.2.jar:/Users/bbakjoon/.m2/repository/io/fabric8/kubernetes-model-core/4.13.2/kubernetes-model-core-4.13.2.jar:/Users/bbakjoon/.m2/repository/io/fabric8/kubernetes-model-common/4.13.2/kubernetes-model-common-4.13.2.jar:/Users/bbakjoon/.m2/repository/com/fasterxml/jackson/module/jackson-module-jaxb-annotations/2.12.5/jackson-module-jaxb-annotations-2.12.5.jar:/Users/bbakjoon/.m2/repository/javax/annotation/javax.annotation-api/1.3.2/javax.annotation-api-1.3.2.jar:/Users/bbakjoon/.m2/repository/javax/xml/bind/jaxb-api/2.3.1/jaxb-api-2.3.1.jar:/Users/bbakjoon/.m2/repository/javax/activation/javax.activation-api/1.2.0/javax.activation-api-1.2.0.jar:/Users/bbakjoon/.m2/repository/io/fabric8/kubernetes-model-rbac/4.13.2/kubernetes-model-rbac-4.13.2.jar:/Users/bbakjoon/.m2/repository/io/fabric8/kubernetes-model-admissionregistration/4.13.2/kubernetes-model-admissionregistration-4.13.2.jar:/Users/bbakjoon/.m2/repository/io/fabric8/kubernetes-model-apps/4.13.2/kubernetes-model-apps-4.13.2.jar:/Users/bbakjoon/.m2/repository/io/fabric8/kubernetes-model-autoscaling/4.13.2/kubernetes-model-autoscaling-4.13.2.jar:/Users/bbakjoon/.m2/repository/io/fabric8/kubernetes-model-apiextensions/4.13.2/kubernetes-model-apiextensions-4.13.2.jar:/Users/bbakjoon/.m2/repository/io/fabric8/kubernetes-model-batch/4.13.2/kubernetes-model-batch-4.13.2.jar:/Users/bbakjoon/.m2/repository/io/fabric8/kubernetes-model-certificates/4.13.2/kubernetes-model-certificates-4.13.2.jar:/Users/bbakjoon/.m2/repository/io/fabric8/kubernetes-model-coordination/4.13.2/kubernetes-model-coordination-4.13.2.jar:/Users/bbakjoon/.m2/repository/io/fabric8/kubernetes-model-discovery/4.13.2/kubernetes-model-discovery-4.13.2.jar:/Users/bbakjoon/.m2/repository/io/fabric8/kubernetes-model-events/4.13.2/kubernetes-model-events-4.13.2.jar:/Users/bbakjoon/.m2/repository/io/fabric8/kubernetes-model-extensions/4.13.2/kubernetes-model-extensions-4.13.2.jar:/Users/bbakjoon/.m2/repository/io/fabric8/kubernetes-model-networking/4.13.2/kubernetes-model-networking-4.13.2.jar:/Users/bbakjoon/.m2/repository/io/fabric8/kubernetes-model-metrics/4.13.2/kubernetes-model-metrics-4.13.2.jar:/Users/bbakjoon/.m2/repository/io/fabric8/kubernetes-model-policy/4.13.2/kubernetes-model-policy-4.13.2.jar:/Users/bbakjoon/.m2/repository/io/fabric8/kubernetes-model-scheduling/4.13.2/kubernetes-model-scheduling-4.13.2.jar:/Users/bbakjoon/.m2/repository/io/fabric8/kubernetes-model-settings/4.13.2/kubernetes-model-settings-4.13.2.jar:/Users/bbakjoon/.m2/repository/io/fabric8/kubernetes-model-storageclass/4.13.2/kubernetes-model-storageclass-4.13.2.jar:/Users/bbakjoon/.m2/repository/io/fabric8/kubernetes-model-node/4.13.2/kubernetes-model-node-4.13.2.jar:/Users/bbakjoon/.m2/repository/com/squareup/okhttp3/okhttp/3.14.9/okhttp-3.14.9.jar:/Users/bbakjoon/.m2/repository/com/squareup/okio/okio/1.17.2/okio-1.17.2.jar:/Users/bbakjoon/.m2/repository/com/squareup/okhttp3/logging-interceptor/3.14.9/logging-interceptor-3.14.9.jar:/Users/bbakjoon/.m2/repository/com/fasterxml/jackson/dataformat/jackson-dataformat-yaml/2.12.5/jackson-dataformat-yaml-2.12.5.jar:/Users/bbakjoon/.m2/repository/io/fabric8/zjsonpatch/0.3.0/zjsonpatch-0.3.0.jar:/Users/bbakjoon/.m2/repository/com/github/mifmif/generex/1.0.2/generex-1.0.2.jar:/Users/bbakjoon/.m2/repository/dk/brics/automaton/automaton/1.11-8/automaton-1.11-8.jar:/Users/bbakjoon/.m2/repository/org/springframework/cloud/spring-cloud-kubernetes-config/1.1.10.RELEASE/spring-cloud-kubernetes-config-1.1.10.RELEASE.jar:"/>
    <property name="sun.cpu.endian" value="little"/>
    <property name="user.home" value="/Users/bbakjoon"/>
    <property name="user.language" value="en"/>
    <property name="java.specification.vendor" value="Oracle Corporation"/>
    <property name="java.version.date" value="2020-10-20"/>
    <property name="java.home" value="/Users/bbakjoon/Library/Java/JavaVirtualMachines/openjdk-15.0.1/Contents/Home"/>
    <property name="file.separator" value="/"/>
    <property name="basedir" value="/Users/bbakjoon/IdeaProjects/wallet-server"/>
    <property name="java.vm.compressedOopsMode" value="Zero based"/>
    <property name="line.separator" value="&#10;"/>
    <property name="java.specification.name" value="Java Platform API Specification"/>
    <property name="java.vm.specification.vendor" value="Oracle Corporation"/>
    <property name="surefire.real.class.path" value="/Users/bbakjoon/IdeaProjects/wallet-server/target/surefire/surefirebooter13172771281394470495.jar"/>
    <property name="sun.management.compiler" value="HotSpot 64-Bit Tiered Compilers"/>
    <property name="ftp.nonProxyHosts" value="local|*.local|169.254/16|*.169.254/16"/>
    <property name="java.runtime.version" value="15.0.1+9-18"/>
    <property name="user.name" value="bbakjoon"/>
    <property name="path.separator" value=":"/>
    <property name="os.version" value="10.16"/>
    <property name="java.runtime.name" value="OpenJDK Runtime Environment"/>
    <property name="file.encoding" value="UTF-8"/>
    <property name="java.vm.name" value="OpenJDK 64-Bit Server VM"/>
    <property name="localRepository" value="/Users/bbakjoon/.m2/repository"/>
    <property name="java.vendor.url.bug" value="https://bugreport.java.com/bugreport/"/>
    <property name="java.io.tmpdir" value="/var/folders/t2/pt277gt55b3ctnwqpng_08l80000gn/T/"/>
    <property name="idea.version" value="2021.2.2"/>
    <property name="java.version" value="15.0.1"/>
    <property name="user.dir" value="/Users/bbakjoon/IdeaProjects/wallet-server"/>
    <property name="os.arch" value="x86_64"/>
    <property name="java.vm.specification.name" value="Java Virtual Machine Specification"/>
    <property name="java.library.path" value="/Users/bbakjoon/Library/Java/Extensions:/Library/Java/Extensions:/Network/Library/Java/Extensions:/System/Library/Java/Extensions:/usr/lib/java:."/>
    <property name="java.vm.info" value="mixed mode, sharing"/>
    <property name="java.vendor" value="Oracle Corporation"/>
    <property name="java.vm.version" value="15.0.1+9-18"/>
    <property name="sun.io.unicode.encoding" value="UnicodeBig"/>
    <property name="socksNonProxyHosts" value="local|*.local|169.254/16|*.169.254/16"/>
    <property name="java.class.version" value="59.0"/>
  </properties>
  <testcase name="contextLoads" classname="com.naksam.walletserver.ApplicationTests" time="0.296"/>
</testsuite>